[debug] [2018-06-07T01:45:14.843Z] ----------------------------------------------------------------------
[debug] [2018-06-07T01:45:14.856Z] Command:       C:\Program Files\nodejs\node.exe C:\Users\i\AppData\Roaming\npm\node_modules\firebase-tools\bin\firebase deploy
[debug] [2018-06-07T01:45:14.858Z] CLI Version:   3.18.6
[debug] [2018-06-07T01:45:14.858Z] Platform:      win32
[debug] [2018-06-07T01:45:14.858Z] Node Version:  v8.9.4
[debug] [2018-06-07T01:45:14.859Z] Time:          Thu Jun 07 2018 08:45:14 GMT+0700 (SE Asia Standard Time)
[debug] [2018-06-07T01:45:14.860Z] ----------------------------------------------------------------------
[debug] 
[debug] [2018-06-07T01:45:14.908Z] > command requires scopes: ["email","openid","https://www.googleapis.com/auth/cloudplatformprojects.readonly","https://www.googleapis.com/auth/firebase","https://www.googleapis.com/auth/cloud-platform"]
[debug] [2018-06-07T01:45:14.909Z] > authorizing via signed-in user
[debug] [2018-06-07T01:45:14.923Z] >>> HTTP REQUEST GET https://admin.firebase.com/v1/projects/portofilioman  
  
 Thu Jun 07 2018 08:45:14 GMT+0700 (SE Asia Standard Time)
[debug] [2018-06-07T01:45:48.814Z] <<< HTTP RESPONSE 200
[debug] [2018-06-07T01:45:48.814Z] >>> HTTP REQUEST GET https://admin.firebase.com/v1/database/portofilioman/tokens  
  
 Thu Jun 07 2018 08:45:48 GMT+0700 (SE Asia Standard Time)
[debug] [2018-06-07T02:07:08.431Z] ----------------------------------------------------------------------
[debug] [2018-06-07T02:07:08.447Z] Command:       C:\Program Files\nodejs\node.exe C:\Users\i\AppData\Roaming\npm\node_modules\firebase-tools\bin\firebase deploy
[debug] [2018-06-07T02:07:08.447Z] CLI Version:   3.18.6
[debug] [2018-06-07T02:07:08.447Z] Platform:      win32
[debug] [2018-06-07T02:07:08.447Z] Node Version:  v8.9.4
[debug] [2018-06-07T02:07:08.447Z] Time:          Thu Jun 07 2018 09:07:08 GMT+0700 (SE Asia Standard Time)
[debug] [2018-06-07T02:07:08.447Z] ----------------------------------------------------------------------
[debug] 
[debug] [2018-06-07T02:07:08.478Z] > command requires scopes: ["email","openid","https://www.googleapis.com/auth/cloudplatformprojects.readonly","https://www.googleapis.com/auth/firebase","https://www.googleapis.com/auth/cloud-platform"]
[debug] [2018-06-07T02:07:08.478Z] > authorizing via signed-in user
[debug] [2018-06-07T02:07:08.494Z] > refreshing access token with scopes: ["email","https://www.googleapis.com/auth/cloud-platform","https://www.googleapis.com/auth/cloudplatformprojects.readonly","https://www.googleapis.com/auth/firebase","openid"]
[debug] [2018-06-07T02:07:08.494Z] >>> HTTP REQUEST POST https://www.googleapis.com/oauth2/v3/token  
 { refresh_token: '1/e3EV9X5iRLHIru3B7Yo_xvLJ_EHPd1EUMnNO6PliP8Y',
  client_id: '563584335869-fgrhgmd47bqnekij5i8b5pr03ho849e6.apps.googleusercontent.com',
  client_secret: 'j9iVZfS8kkCEFUPaAeJV0sAi',
  grant_type: 'refresh_token',
  scope: 'email https://www.googleapis.com/auth/cloud-platform https://www.googleapis.com/auth/cloudplatformprojects.readonly https://www.googleapis.com/auth/firebase openid' } 
 Thu Jun 07 2018 09:07:08 GMT+0700 (SE Asia Standard Time)
[debug] [2018-06-07T02:07:54.385Z] <<< HTTP RESPONSE 200
[debug] [2018-06-07T02:08:53.080Z] >>> HTTP REQUEST GET https://admin.firebase.com/v1/projects/portofilioman  
  
 Thu Jun 07 2018 09:08:53 GMT+0700 (SE Asia Standard Time)
[info] 
[warn] !  Your CLI authentication needs to be updated to take advantage of new features.
[warn] !  Please run firebase login --reauth
[info] 
[debug] [2018-06-07T02:09:04.487Z] > command requires scopes: ["email","openid","https://www.googleapis.com/auth/cloudplatformprojects.readonly","https://www.googleapis.com/auth/firebase"]
[debug] [2018-06-07T02:09:04.489Z] > authorizing via signed-in user
[debug] [2018-06-07T02:09:04.490Z] > refreshing access token with scopes: ["email","https://www.googleapis.com/auth/cloudplatformprojects.readonly","https://www.googleapis.com/auth/firebase","openid"]
[debug] [2018-06-07T02:09:04.490Z] >>> HTTP REQUEST POST https://www.googleapis.com/oauth2/v3/token  
 { refresh_token: '1/e3EV9X5iRLHIru3B7Yo_xvLJ_EHPd1EUMnNO6PliP8Y',
  client_id: '563584335869-fgrhgmd47bqnekij5i8b5pr03ho849e6.apps.googleusercontent.com',
  client_secret: 'j9iVZfS8kkCEFUPaAeJV0sAi',
  grant_type: 'refresh_token',
  scope: 'email https://www.googleapis.com/auth/cloudplatformprojects.readonly https://www.googleapis.com/auth/firebase openid' } 
 Thu Jun 07 2018 09:09:04 GMT+0700 (SE Asia Standard Time)
